{
  "RSpec": {
    "coverage": {
      "C:/Users/Vladislav/Desktop/payments/app.rb": [
        null,
        null,
        1,
        1,
        1,
        1,
        1,
        1,
        1,
        null,
        1,
        1,
        null,
        null,
        1,
        16,
        16,
        null,
        null,
        1,
        5,
        5,
        null,
        null,
        1,
        3,
        null,
        null,
        1,
        3,
        3,
        3,
        3,
        3,
        3,
        3,
        1,
        1,
        null,
        2,
        null,
        null,
        null,
        1,
        1,
        1,
        1,
        null,
        null,
        1,
        2,
        2,
        null,
        null,
        1,
        2,
        2,
        null,
        2,
        1,
        1,
        1,
        1,
        null,
        1,
        null,
        null,
        null,
        1,
        2,
        null,
        null,
        1,
        2,
        2,
        10,
        null,
        4,
        null,
        null,
        2,
        1,
        1,
        null,
        1,
        null,
        null,
        null,
        1,
        2,
        null,
        null,
        1,
        2,
        null,
        2,
        1,
        1,
        null,
        1,
        null,
        null,
        null,
        1,
        1,
        1,
        null,
        null,
        1,
        2,
        null,
        null,
        1,
        2,
        null,
        null,
        2,
        1,
        1,
        null,
        1,
        1,
        null,
        null,
        null,
        1,
        1,
        0,
        null,
        1,
        1,
        null,
        null,
        null,
        1,
        1,
        null,
        null,
        1,
        1,
        1,
        1,
        null,
        null,
        1,
        null
      ],
      "C:/Users/Vladislav/Desktop/payments/lib/list.rb": [
        null,
        null,
        1,
        null,
        1,
        1,
        4,
        null,
        null,
        1,
        12,
        null,
        null,
        1,
        3,
        null,
        null,
        1,
        6,
        null,
        null,
        1,
        2,
        null,
        null,
        1,
        2,
        null,
        null,
        1,
        59,
        null,
        null,
        1,
        138,
        null,
        null,
        1,
        25,
        null,
        null,
        1,
        3,
        3,
        15,
        1,
        null,
        null,
        null,
        3,
        null,
        null,
        1,
        2,
        2,
        10,
        4,
        null,
        null,
        2,
        null,
        null,
        1,
        1,
        1,
        4,
        4,
        6,
        3,
        null,
        null,
        4,
        null,
        5,
        null,
        null,
        1,
        2,
        2,
        10,
        4,
        null,
        null,
        2,
        2,
        null,
        2,
        null,
        null,
        1,
        2,
        null,
        2,
        2,
        2,
        null,
        1,
        1,
        1,
        null,
        2,
        null,
        null,
        1,
        1,
        1,
        5,
        5,
        7,
        null,
        5,
        5,
        null,
        1,
        1,
        1,
        null,
        null,
        1,
        null,
        null
      ],
      "C:/Users/Vladislav/Desktop/payments/lib/payment.rb": [
        null,
        null,
        null,
        1,
        1,
        1,
        9,
        9,
        9,
        9,
        9,
        9,
        null,
        null,
        1,
        3,
        3,
        3,
        3,
        3,
        null,
        null,
        1,
        3,
        3,
        3,
        null,
        null,
        1,
        3,
        3,
        3,
        null,
        null
      ],
      "C:/Users/Vladislav/Desktop/payments/lib/read_file.rb": [
        null,
        null,
        1,
        1,
        1,
        1,
        1,
        null,
        1,
        1,
        1,
        1,
        1,
        1,
        1,
        6,
        6,
        6,
        6,
        null,
        1,
        null,
        null
      ],
      "C:/Users/Vladislav/Desktop/payments/lib/adress.rb": [
        null,
        null,
        null,
        1,
        1,
        1,
        9,
        9,
        null,
        null,
        1,
        2,
        null,
        null
      ],
      "C:/Users/Vladislav/Desktop/payments/lib/human.rb": [
        null,
        null,
        null,
        1,
        1,
        1,
        9,
        9,
        9,
        null,
        null,
        1,
        72,
        null,
        null
      ],
      "C:/Users/Vladislav/Desktop/payments/lib/statistic.rb": [
        null,
        null,
        1,
        null,
        null,
        1,
        1,
        1,
        1,
        5,
        5,
        7,
        null,
        5,
        null,
        1,
        null,
        null,
        1,
        1,
        1,
        5,
        null,
        1,
        null,
        null,
        1,
        1,
        1,
        5,
        null,
        1,
        null,
        null,
        1,
        2,
        2,
        2,
        2,
        10,
        10,
        10,
        null,
        2,
        2,
        2,
        6,
        null,
        2,
        null,
        null,
        1,
        1,
        1,
        1,
        5,
        2,
        2,
        null,
        null,
        1,
        null,
        null,
        1,
        1,
        null,
        1,
        null,
        null
      ]
    },
    "timestamp": 1569102516
  }
}
